2020-11-03 23:41:06.6368 ERROR  -- UNKNOWN ERROR Index was outside the bounds of the array.
2020-11-03 23:42:16.6954 ERROR  -- UNKNOWN ERROR : Index was outside the bounds of the array.
2020-11-03 23:43:35.0977 ERROR  -- CUSTOM ERROR : End date can not be before start date
2020-11-03 23:56:18.7410 ERROR  -- CUSTOM ERROR : Incorrect month value
2020-11-03 23:57:11.7508 ERROR  -- UNKNOWN ERROR : Index and length must refer to a location within the string. (Parameter 'length')
2020-11-04 00:01:13.0346 ERROR  -- CUSTOM ERROR : Incorrect month value
2020-11-04 00:02:01.9421 ERROR  -- CUSTOM ERROR : Incorrect month value
2020-11-04 00:06:09.4334 ERROR  -- CUSTOM ERROR : Incorrect month value
2020-11-04 00:11:25.9611 ERROR  -- CUSTOM ERROR : Incorrect month value
2020-11-04 00:12:10.7896 ERROR  -- CUSTOM ERROR : Incorrect month value
2020-11-04 00:15:53.1513 ERROR  -- CUSTOM ERROR : Incorrect month value
2020-11-04 00:19:48.7308 ERROR  -- CUSTOM ERROR : Incorrect month value
2020-11-09 00:34:39.0662 DEBUG IO Error in Reading operation
2020-11-09 00:34:39.7498 ERROR The ConnectionString property has not been initialized.
2020-11-09 01:00:29.3879 DEBUG IO Error in Writing operation
2020-11-09 01:00:29.4752 ERROR Cannot find table 0.
2020-11-09 01:04:09.0734 DEBUG IO Error in Writing operation
2020-11-09 01:04:09.1903 ERROR Cannot find table 0.
2020-11-09 09:56:05.4589 DEBUG IO Error in Writing operation
2020-11-09 09:56:05.8098 ERROR Cannot find table 0.
2020-11-09 10:02:35.8039 DEBUG IO Error in Writing operation
2020-11-09 10:02:35.8918 ERROR Cannot find table 0.
2020-11-09 10:10:28.6667 DEBUG IO Error in Writing operation
2020-11-09 10:10:28.7761 ERROR Cannot find table 0.
2020-11-09 10:11:25.2432 DEBUG IO Error in Writing operation
2020-11-09 10:11:25.3324 ERROR Cannot find table 0.
2020-11-09 10:16:29.8043 DEBUG IO Error in Writing operation
2020-11-09 10:16:29.8898 ERROR Cannot find table 0.
2020-11-09 10:18:22.6141 DEBUG IO Error in Writing operation
2020-11-09 10:18:22.8357 ERROR Cannot find table 0.
2020-11-09 10:19:35.0266 DEBUG IO Error in Writing operation
2020-11-09 10:19:35.2952 ERROR Cannot find table 0.
2020-11-09 10:30:42.4762 DEBUG IO Error in Writing operation
2020-11-09 10:30:42.5618 ERROR Cannot find table 0.
2020-11-09 10:31:01.2486 DEBUG IO Error in Writing operation
2020-11-09 10:31:01.3426 ERROR Cannot find table 0.
2020-11-09 10:35:59.1830 DEBUG IO Error in Writing operation
2020-11-09 10:36:02.4625 ERROR Cannot find table 0.
2020-11-09 10:39:46.9592 DEBUG IO Error in Writing operation
2020-11-09 10:39:47.0481 ERROR Update unable to find TableMapping['AddressBook'] or DataTable 'AddressBook'.
2020-11-09 10:40:48.1173 DEBUG IO Error in Writing operation
2020-11-09 10:40:48.2051 ERROR Update unable to find TableMapping['AddressBook'] or DataTable 'AddressBook'.
2020-11-09 10:41:39.4332 DEBUG IO Error in Writing operation
2020-11-09 10:41:39.5242 ERROR Update unable to find TableMapping['AddressBook'] or DataTable 'AddressBook'.
2020-11-09 10:43:06.8983 DEBUG IO Error in Writing operation
2020-11-09 10:43:06.9855 ERROR Update unable to find TableMapping['Table'] or DataTable 'Table'.
2020-11-09 11:03:20.7990 DEBUG IO Error in Writing operation
2020-11-09 11:03:20.8869 ERROR Update unable to find TableMapping['Table'] or DataTable 'Table'.
2020-11-09 11:10:06.1816 DEBUG IO Error in Writing operation
2020-11-09 11:10:06.3161 ERROR Cannot find column 9.
2020-11-09 11:11:46.9552 DEBUG IO Error in Reading operation
2020-11-09 11:11:47.0439 ERROR An item with the same key has already been added. Key: BapunKarmakar
2020-11-09 11:11:55.8578 DEBUG IO Error in Reading operation
2020-11-09 11:11:55.9906 ERROR An item with the same key has already been added. Key: BapunKarmakar
2020-11-09 11:12:44.2336 DEBUG IO Error in Reading operation
2020-11-09 11:12:44.3739 ERROR An item with the same key has already been added. Key: BapunKarmakar
2020-11-09 11:14:14.0093 DEBUG IO Error in Reading operation
2020-11-09 11:14:14.0979 ERROR An item with the same key has already been added. Key: BapunKarmakar
2020-11-09 11:14:56.7276 DEBUG IO Error in Reading operation
2020-11-09 11:14:56.8230 ERROR An item with the same key has already been added. Key: BapunKarmakar
2020-11-09 11:15:33.6807 DEBUG IO Error in Reading operation
2020-11-09 11:15:33.7698 ERROR An item with the same key has already been added. Key: BapunKarmakar
2020-11-09 11:32:18.0710 DEBUG IO Error in Reading operation
2020-11-09 11:32:18.1615 ERROR An item with the same key has already been added. Key: BapunKarmakar
2020-11-11 23:50:54.8424 DEBUG IO Error in Writing operation
2020-11-11 23:50:55.1917 ERROR Object reference not set to an instance of an object.
2020-11-11 23:52:50.9054 DEBUG IO Error in Writing operation
2020-11-11 23:52:51.0666 ERROR Object reference not set to an instance of an object.
2020-11-12 00:03:36.7988 DEBUG IO Error in Writing operation
2020-11-12 00:03:36.9535 ERROR Object reference not set to an instance of an object.
2020-11-12 00:19:57.0204 DEBUG IO Error in Reading operation
2020-11-12 00:19:57.1164 ERROR An item with the same key has already been added. Key: ShyamBmep
2020-11-12 00:21:41.8909 DEBUG IO Error in Reading operation
2020-11-12 00:21:41.9631 ERROR An item with the same key has already been added. Key: ShyamBmep
2020-11-12 00:22:48.9649 DEBUG IO Error in Reading operation
2020-11-12 00:22:49.0421 ERROR An item with the same key has already been added. Key: ShyamBmep
2020-11-12 00:24:40.6438 DEBUG IO Error in Writing operation
2020-11-12 00:24:40.6627 ERROR Object reference not set to an instance of an object.
2020-11-12 00:27:53.8432 DEBUG IO Error in Writing operation
2020-11-12 00:27:53.9201 ERROR Object reference not set to an instance of an object.
2020-11-12 00:29:39.1945 DEBUG IO Error in Writing operation
2020-11-12 00:29:39.2684 ERROR Object reference not set to an instance of an object.
2020-11-12 00:38:45.1234 DEBUG IO Error in Writing operation
2020-11-12 00:38:45.2280 ERROR Object reference not set to an instance of an object.
2020-11-12 00:47:34.6778 DEBUG IO Error in Writing operation
2020-11-12 00:47:34.8235 ERROR Object reference not set to an instance of an object.
2020-11-13 05:01:49.8399 DEBUG IO Error in Reading operation
2020-11-13 05:01:50.1195 ERROR A network-related or instance-specific error occurred while establishing a connection to SQL Server. The server was not found or was not accessible. Verify that the instance name is correct and that SQL Server is configured to allow remote connections. (provider: SQL Network Interfaces, error: 26 - Error Locating Server/Instance Specified)
2020-11-13 05:02:37.5646 DEBUG IO Error in Writing operation
2020-11-13 05:02:37.5875 ERROR A network-related or instance-specific error occurred while establishing a connection to SQL Server. The server was not found or was not accessible. Verify that the instance name is correct and that SQL Server is configured to allow remote connections. (provider: SQL Network Interfaces, error: 26 - Error Locating Server/Instance Specified)
2020-11-13 07:29:25.9902 DEBUG IO Error in Reading operation
2020-11-13 07:29:26.2036 ERROR Index was out of range. Must be non-negative and less than the size of the collection. (Parameter 'index')
2020-11-13 07:37:36.3553 DEBUG IO Error in Reading operation
2020-11-13 07:37:36.4538 ERROR Index was out of range. Must be non-negative and less than the size of the collection. (Parameter 'index')
2020-11-13 07:45:26.4275 DEBUG IO Error in Reading operation
2020-11-13 07:45:27.1493 ERROR Index was out of range. Must be non-negative and less than the size of the collection. (Parameter 'index')
